<?xml version="1.0" encoding="UTF-8"?>
<testsuite name="petstore.Pet" tests="1" skipped="0" failures="0" errors="0" timestamp="2024-09-30T00:00:08" hostname="DESKTOP-5AFG3AE" time="3.931">
  <properties/>
  <testcase name="CadastrarPetValido" classname="petstore.Pet" time="3.931"/>
  <system-out><![CDATA[Request method:	POST
Request URI:	https://petstore.swagger.io/v2/pet
Proxy:			<none>
Request params:	<none>
Query params:	<none>
Form params:	<none>
Path params:	<none>
Headers:		Accept=*/*
				Content-Type=application/json; charset=UTF-8
Cookies:		<none>
Multiparts:		<none>
Body:
{
    "id": 0,
    "category": {
        "id": 2809,
        "name": "Cachorro"
    },
    "name": "Megg",
    "photoUrls": [
        "https://optimumpet.com.br/media/uploads/2023/11/racas-de-cachorro-pequeno-chihuahua-scaled.webp"
    ],
    "tags": [
        {
            "id": 2021,
            "name": "gramado"
        }
    ],
    "status": "Disponivel"
}
HTTP/1.1 200 OK
Date: Mon, 30 Sep 2024 00:00:11 GMT
Content-Type: application/json
Transfer-Encoding: chunked
Connection: keep-alive
Access-Control-Allow-Origin: *
Access-Control-Allow-Methods: GET, POST, DELETE, PUT
Access-Control-Allow-Headers: Content-Type, api_key, Authorization
Server: Jetty(9.2.9.v20150224)

{
    "id": 9223372036854775807,
    "category": {
        "id": 2809,
        "name": "Cachorro"
    },
    "name": "Megg",
    "photoUrls": [
        "https://optimumpet.com.br/media/uploads/2023/11/racas-de-cachorro-pequeno-chihuahua-scaled.webp"
    ],
    "tags": [
        {
            "id": 2021,
            "name": "gramado"
        }
    ],
    "status": "Disponivel"
}
]]></system-out>
  <system-err><![CDATA[]]></system-err>
</testsuite>
